Using pre-set license
Built from '2021.3/staging' branch; Version is '2021.3.1f1 (3b70a0754835) revision 3895456'; Using compiler version '192829333'; Build Type 'Release'
OS: 'Windows 10  (10.0.19042) 64bit Core' Language: 'en' Physical Memory: 16220 MB
BatchMode: 1, IsHumanControllingUs: 0, StartBugReporterOnCrash: 0, Is64bit: 1, IsPro: 1

COMMAND LINE ARGUMENTS:
C:\Program Files\Unity\Hub\Editor\2021.3.1f1\Editor\Unity.exe
-adb2
-batchMode
-noUpm
-name
AssetImportWorker0
-projectPath
C:/Projects/Work/Repo/Endlessrunner
-logFile
Logs/AssetImportWorker0.log
-srvPort
59547
Successfully changed project path to: C:/Projects/Work/Repo/Endlessrunner
C:/Projects/Work/Repo/Endlessrunner
[UnityMemory] Configuration Parameters - Can be set up in boot.config
    "memorysetup-bucket-allocator-granularity=16"
    "memorysetup-bucket-allocator-bucket-count=8"
    "memorysetup-bucket-allocator-block-size=33554432"
    "memorysetup-bucket-allocator-block-count=8"
    "memorysetup-main-allocator-block-size=16777216"
    "memorysetup-thread-allocator-block-size=16777216"
    "memorysetup-gfx-main-allocator-block-size=16777216"
    "memorysetup-gfx-thread-allocator-block-size=16777216"
    "memorysetup-cache-allocator-block-size=4194304"
    "memorysetup-typetree-allocator-block-size=2097152"
    "memorysetup-profiler-bucket-allocator-granularity=16"
    "memorysetup-profiler-bucket-allocator-bucket-count=8"
    "memorysetup-profiler-bucket-allocator-block-size=33554432"
    "memorysetup-profiler-bucket-allocator-block-count=8"
    "memorysetup-profiler-allocator-block-size=16777216"
    "memorysetup-profiler-editor-allocator-block-size=1048576"
    "memorysetup-temp-allocator-size-main=16777216"
    "memorysetup-job-temp-allocator-block-size=2097152"
    "memorysetup-job-temp-allocator-block-size-background=1048576"
    "memorysetup-job-temp-allocator-reduction-small-platforms=262144"
    "memorysetup-temp-allocator-size-background-worker=32768"
    "memorysetup-temp-allocator-size-job-worker=262144"
    "memorysetup-temp-allocator-size-preload-manager=33554432"
    "memorysetup-temp-allocator-size-nav-mesh-worker=65536"
    "memorysetup-temp-allocator-size-audio-worker=65536"
    "memorysetup-temp-allocator-size-cloud-worker=32768"
    "memorysetup-temp-allocator-size-gi-baking-worker=262144"
    "memorysetup-temp-allocator-size-gfx=262144"
Refreshing native plugins compatible for Editor in 66.99 ms, found 3 plugins.
Preloading 0 native plugins for Editor in 0.00 ms.
Initialize engine version: 2021.3.1f1 (3b70a0754835)
[Subsystems] Discovering subsystems at path C:/Program Files/Unity/Hub/Editor/2021.3.1f1/Editor/Data/Resources/UnitySubsystems
[Subsystems] Discovering subsystems at path C:/Projects/Work/Repo/Endlessrunner/Assets
GfxDevice: creating device client; threaded=0; jobified=0
Direct3D:
    Version:  Direct3D 11.0 [level 11.1]
    Renderer: NVIDIA GeForce RTX 3070 Laptop GPU (ID=0x249d)
    Vendor:   NVIDIA
    VRAM:     8044 MB
    Driver:   30.0.15.1215
Initialize mono
Mono path[0] = 'C:/Program Files/Unity/Hub/Editor/2021.3.1f1/Editor/Data/Managed'
Mono path[1] = 'C:/Program Files/Unity/Hub/Editor/2021.3.1f1/Editor/Data/MonoBleedingEdge/lib/mono/unityjit-win32'
Mono config path = 'C:/Program Files/Unity/Hub/Editor/2021.3.1f1/Editor/Data/MonoBleedingEdge/etc'
Using monoOptions --debugger-agent=transport=dt_socket,embedding=1,server=y,suspend=n,address=127.0.0.1:56392
Begin MonoManager ReloadAssembly
Registering precompiled unity dll's ...
Register platform support module: C:/Program Files/Unity/Hub/Editor/2021.3.1f1/Editor/Data/PlaybackEngines/WebGLSupport/UnityEditor.WebGL.Extensions.dll
Register platform support module: C:/Program Files/Unity/Hub/Editor/2021.3.1f1/Editor/Data/PlaybackEngines/AndroidPlayer/UnityEditor.Android.Extensions.dll
Register platform support module: C:/Program Files/Unity/Hub/Editor/2021.3.1f1/Editor/Data/PlaybackEngines/WindowsStandaloneSupport/UnityEditor.WindowsStandalone.Extensions.dll
Registered in 0.007788 seconds.
Native extension for WindowsStandalone target not found
Native extension for Android target not found
Native extension for WebGL target not found
Refreshing native plugins compatible for Editor in 55.96 ms, found 3 plugins.
Preloading 0 native plugins for Editor in 0.00 ms.
Mono: successfully reloaded assembly
- Completed reload, in  0.579 seconds
Domain Reload Profiling:
	ReloadAssembly (580ms)
		BeginReloadAssembly (71ms)
			ExecutionOrderSort (0ms)
			DisableScriptedObjects (0ms)
			BackupInstance (0ms)
			ReleaseScriptingObjects (0ms)
			CreateAndSetChildDomain (1ms)
		EndReloadAssembly (397ms)
			LoadAssemblies (70ms)
			RebuildTransferFunctionScriptingTraits (0ms)
			SetupTypeCache (97ms)
			ReleaseScriptCaches (0ms)
			RebuildScriptCaches (25ms)
			SetupLoadedEditorAssemblies (232ms)
				LogAssemblyErrors (0ms)
				InitializePlatformSupportModulesInManaged (51ms)
				SetLoadedEditorAssemblies (0ms)
				RefreshPlugins (56ms)
				BeforeProcessingInitializeOnLoad (1ms)
				ProcessInitializeOnLoadAttributes (82ms)
				ProcessInitializeOnLoadMethodAttributes (42ms)
				AfterProcessingInitializeOnLoad (0ms)
				EditorAssembliesLoaded (0ms)
			ExecutionOrderSort2 (0ms)
			AwakeInstancesAfterBackupRestoration (0ms)
Platform modules already initialized, skipping
Registering precompiled user dll's ...
Registered in 0.004648 seconds.
Begin MonoManager ReloadAssembly
Symbol file LoadedFromMemory doesn't match image C:\Projects\Work\Repo\Endlessrunner\Library\PackageCache\com.unity.visualscripting@1.7.6\Editor\VisualScripting.Core\Dependencies\YamlDotNet\Unity.VisualScripting.YamlDotNet.dll
Symbol file LoadedFromMemory is not a mono symbol file
Symbol file LoadedFromMemory doesn't match image C:\Projects\Work\Repo\Endlessrunner\Library\PackageCache\com.unity.visualscripting@1.7.6\Editor\VisualScripting.Core\Dependencies\DotNetZip\Unity.VisualScripting.IonicZip.dll
Native extension for WindowsStandalone target not found
Native extension for Android target not found
Native extension for WebGL target not found
Refreshing native plugins compatible for Editor in 0.43 ms, found 3 plugins.
Preloading 0 native plugins for Editor in 0.00 ms.
Mono: successfully reloaded assembly
- Completed reload, in  0.859 seconds
Domain Reload Profiling:
	ReloadAssembly (860ms)
		BeginReloadAssembly (202ms)
			ExecutionOrderSort (0ms)
			DisableScriptedObjects (6ms)
			BackupInstance (0ms)
			ReleaseScriptingObjects (0ms)
			CreateAndSetChildDomain (126ms)
		EndReloadAssembly (566ms)
			LoadAssemblies (62ms)
			RebuildTransferFunctionScriptingTraits (0ms)
			SetupTypeCache (167ms)
			ReleaseScriptCaches (0ms)
			RebuildScriptCaches (41ms)
			SetupLoadedEditorAssemblies (266ms)
				LogAssemblyErrors (0ms)
				InitializePlatformSupportModulesInManaged (13ms)
				SetLoadedEditorAssemblies (0ms)
				RefreshPlugins (0ms)
				BeforeProcessingInitializeOnLoad (56ms)
				ProcessInitializeOnLoadAttributes (174ms)
				ProcessInitializeOnLoadMethodAttributes (18ms)
				AfterProcessingInitializeOnLoad (5ms)
				EditorAssembliesLoaded (0ms)
			ExecutionOrderSort2 (0ms)
			AwakeInstancesAfterBackupRestoration (4ms)
Platform modules already initialized, skipping
========================================================================
Worker process is ready to serve import requests
Launched and connected shader compiler UnityShaderCompiler.exe after 0.09 seconds
Refreshing native plugins compatible for Editor in 0.56 ms, found 3 plugins.
Preloading 0 native plugins for Editor in 0.00 ms.
Unloading 3190 Unused Serialized files (Serialized files now loaded: 0)
Unloading 22 unused Assets / (86.2 KB). Loaded Objects now: 3654.
Memory consumption went from 113.0 MB to 112.9 MB.
Total: 2.806800 ms (FindLiveObjects: 0.214700 ms CreateObjectMapping: 0.167100 ms MarkObjects: 2.372700 ms  DeleteObjects: 0.051400 ms)

AssetImportParameters requested are different than current active one (requested -> active):
  custom:video-decoder-ogg-theora: a1e56fd34408186e4bbccfd4996cb3dc -> 
  custom:container-muxer-webm: aa71ff27fc2769a1b78a27578f13a17b -> 
  custom:container-demuxer-webm: 4f35f7cbe854078d1ac9338744f61a02 -> 
  custom:video-encoder-webm-vp8: eb34c28f22e8b96e1ab97ce403110664 -> 
  custom:audio-encoder-webm-vorbis: bf7c407c2cedff20999df2af8eb42d56 -> 
  custom:framework-win-MediaFoundation: 216162199b28c13a410421893ffa2e32 -> 
  custom:container-demuxer-ogg: 62fdf1f143b41e24485cea50d1cbac27 -> 
  custom:video-decoder-webm-vp8: 9c59270c3fd7afecdb556c50c9e8de78 -> 
  custom:audio-decoder-ogg-vorbis: bf7c407c2cedff20999df2af8eb42d56 -> 
========================================================================
Received Import Request.
  Time since last request: 273281.220130 seconds.
  path: Assets/parts/Textures/PlasterAlbedo.tif
  artifactKey: Guid(52c4c3602ceb4884e8b33d664fd6e678) Importer(815301076,1909f56bfc062723c751e8b465ee728b)
Start importing Assets/parts/Textures/PlasterAlbedo.tif using Guid(52c4c3602ceb4884e8b33d664fd6e678) Importer(815301076,1909f56bfc062723c751e8b465ee728b)  -> (artifact id: 'e98d3d91b7fc5050e1bd8f4d6500db79') in 0.057692 seconds 
========================================================================
Received Import Request.
  Time since last request: 0.000013 seconds.
  path: Assets/parts/Textures/RatAlbedo.tif
  artifactKey: Guid(25293e058eb614f489870528ad08d334) Importer(815301076,1909f56bfc062723c751e8b465ee728b)
Start importing Assets/parts/Textures/RatAlbedo.tif using Guid(25293e058eb614f489870528ad08d334) Importer(815301076,1909f56bfc062723c751e8b465ee728b)  -> (artifact id: 'b1356a82b014c58b5542de328fa01c84') in 0.016992 seconds 
========================================================================
Received Import Request.
  Time since last request: 0.000014 seconds.
  path: Assets/parts/Textures/Star.png
  artifactKey: Guid(9177a9223d76cdc42ba1bd8045bbc2ba) Importer(815301076,1909f56bfc062723c751e8b465ee728b)
Start importing Assets/parts/Textures/Star.png using Guid(9177a9223d76cdc42ba1bd8045bbc2ba) Importer(815301076,1909f56bfc062723c751e8b465ee728b)  -> (artifact id: 'ee2527dc936b56158c1bf8c80e9d7150') in 0.036689 seconds 
========================================================================
Received Import Request.
  Time since last request: 0.000015 seconds.
  path: Assets/parts/Textures/Sparkle.png
  artifactKey: Guid(910fb746fee11e6459726c1fc099d2de) Importer(815301076,1909f56bfc062723c751e8b465ee728b)
Start importing Assets/parts/Textures/Sparkle.png using Guid(910fb746fee11e6459726c1fc099d2de) Importer(815301076,1909f56bfc062723c751e8b465ee728b)  -> (artifact id: '5dd51415babbcf69edfa6a18a6adc6c4') in 0.015494 seconds 
========================================================================
Received Import Request.
  Time since last request: 0.000016 seconds.
  path: Assets/parts/Textures/FishboneAlbedo.tif
  artifactKey: Guid(2fa82f6f969d763429157fe51f817a72) Importer(815301076,1909f56bfc062723c751e8b465ee728b)
Start importing Assets/parts/Textures/FishboneAlbedo.tif using Guid(2fa82f6f969d763429157fe51f817a72) Importer(815301076,1909f56bfc062723c751e8b465ee728b)  -> (artifact id: '8f237193d220e21d9c7d749e67577ba8') in 0.011704 seconds 
========================================================================
Received Import Request.
  Time since last request: 0.000014 seconds.
  path: Assets/MeshCombineStudio/Products/saleIcon.png
  artifactKey: Guid(4ec71bc3397b4fc4aaffcbfd483f028c) Importer(815301076,1909f56bfc062723c751e8b465ee728b)
Start importing Assets/MeshCombineStudio/Products/saleIcon.png using Guid(4ec71bc3397b4fc4aaffcbfd483f028c) Importer(815301076,1909f56bfc062723c751e8b465ee728b)  -> (artifact id: 'd896f69e103bbbd0445558f1df051987') in 0.015297 seconds 
========================================================================
Received Import Request.
  Time since last request: 0.000017 seconds.
  path: Assets/parts/Textures/Graffiti/Graffiti03.png
  artifactKey: Guid(d0d7f9d969c49cd4885f97c165bdfa7b) Importer(815301076,1909f56bfc062723c751e8b465ee728b)
Start importing Assets/parts/Textures/Graffiti/Graffiti03.png using Guid(d0d7f9d969c49cd4885f97c165bdfa7b) Importer(815301076,1909f56bfc062723c751e8b465ee728b)  -> (artifact id: '7495376c81fb5a6c303d8681fb045653') in 0.054777 seconds 
========================================================================
Received Import Request.
  Time since last request: 0.000016 seconds.
  path: Assets/parts/Textures/CorrugatedMetalAlbedo.tif
  artifactKey: Guid(6a31c5f9148e2ff4ea200e2ec3b4b1dc) Importer(815301076,1909f56bfc062723c751e8b465ee728b)
Start importing Assets/parts/Textures/CorrugatedMetalAlbedo.tif using Guid(6a31c5f9148e2ff4ea200e2ec3b4b1dc) Importer(815301076,1909f56bfc062723c751e8b465ee728b)  -> (artifact id: '4e0bb425c3faee7fc78519646090e928') in 0.013334 seconds 
========================================================================
Received Import Request.
  Time since last request: 0.000017 seconds.
  path: Assets/parts/Textures/Car01Albedo.tif
  artifactKey: Guid(c83acac26e89c0d4db877bae8451c329) Importer(815301076,1909f56bfc062723c751e8b465ee728b)
Start importing Assets/parts/Textures/Car01Albedo.tif using Guid(c83acac26e89c0d4db877bae8451c329) Importer(815301076,1909f56bfc062723c751e8b465ee728b)  -> (artifact id: '2f5f2842494db829a1e5860a94ef951b') in 0.016185 seconds 
========================================================================
Received Import Request.
  Time since last request: 0.000015 seconds.
  path: Assets/MeshCombineStudio/Products/asIconSale.png
  artifactKey: Guid(c2ddb4bd310dcb34786bd80ac2395952) Importer(815301076,1909f56bfc062723c751e8b465ee728b)
Start importing Assets/MeshCombineStudio/Products/asIconSale.png using Guid(c2ddb4bd310dcb34786bd80ac2395952) Importer(815301076,1909f56bfc062723c751e8b465ee728b)  -> (artifact id: 'aa72476bf031a9c8193d5ba42f3e81d5') in 0.014932 seconds 
========================================================================
Received Import Request.
  Time since last request: 0.000019 seconds.
  path: Assets/parts/Textures/LightGlowSquareAlbedo.tif
  artifactKey: Guid(87ddb59e82d8e444aa3a2026f5c87959) Importer(815301076,1909f56bfc062723c751e8b465ee728b)
Start importing Assets/parts/Textures/LightGlowSquareAlbedo.tif using Guid(87ddb59e82d8e444aa3a2026f5c87959) Importer(815301076,1909f56bfc062723c751e8b465ee728b)  -> (artifact id: '5e55ffed9fd8c90ef254e38ab9acddbf') in 0.014577 seconds 
========================================================================
Received Import Request.
  Time since last request: 0.000013 seconds.
  path: Assets/parts/Textures/Graffiti/Graffiti11.png
  artifactKey: Guid(7e59919583afb9341a72173ebbac3fcd) Importer(815301076,1909f56bfc062723c751e8b465ee728b)
Start importing Assets/parts/Textures/Graffiti/Graffiti11.png using Guid(7e59919583afb9341a72173ebbac3fcd) Importer(815301076,1909f56bfc062723c751e8b465ee728b)  -> (artifact id: '04c84e7f2b882bf9048015800c7106aa') in 0.025562 seconds 
========================================================================
Received Import Request.
  Time since last request: 0.000025 seconds.
  path: Assets/parts/Textures/BrickWallAlbedo.tif
  artifactKey: Guid(7fcdbeddb841bb245933f8a3567aca75) Importer(815301076,1909f56bfc062723c751e8b465ee728b)
Start importing Assets/parts/Textures/BrickWallAlbedo.tif using Guid(7fcdbeddb841bb245933f8a3567aca75) Importer(815301076,1909f56bfc062723c751e8b465ee728b)  -> (artifact id: '1f477bfc776ea1613ee3064fe08f4682') in 0.009938 seconds 
========================================================================
Received Import Request.
  Time since last request: 0.000015 seconds.
  path: Assets/MeshCombineStudio/Products/mcsIcon.jpg
  artifactKey: Guid(a1144ef8ebc65844c988b129e93b953a) Importer(815301076,1909f56bfc062723c751e8b465ee728b)
Start importing Assets/MeshCombineStudio/Products/mcsIcon.jpg using Guid(a1144ef8ebc65844c988b129e93b953a) Importer(815301076,1909f56bfc062723c751e8b465ee728b)  -> (artifact id: '66e6e011bb8173a8b7a9d390709bff43') in 0.015316 seconds 
========================================================================
Received Import Request.
  Time since last request: 0.000016 seconds.
  path: Assets/parts/Textures/StoneWallAlbedo.tif
  artifactKey: Guid(c43add2f087eaaf4dabfede3fd244dc8) Importer(815301076,1909f56bfc062723c751e8b465ee728b)
Start importing Assets/parts/Textures/StoneWallAlbedo.tif using Guid(c43add2f087eaaf4dabfede3fd244dc8) Importer(815301076,1909f56bfc062723c751e8b465ee728b)  -> (artifact id: '66fd3a2b5cc08ad5ed6c8245ead16e2c') in 0.015737 seconds 
========================================================================
Received Import Request.
  Time since last request: 0.000017 seconds.
  path: Assets/parts/Textures/SlatsAlbedo.tif
  artifactKey: Guid(fa5a8fc362c346548982ad762f0c9fd7) Importer(815301076,1909f56bfc062723c751e8b465ee728b)
Start importing Assets/parts/Textures/SlatsAlbedo.tif using Guid(fa5a8fc362c346548982ad762f0c9fd7) Importer(815301076,1909f56bfc062723c751e8b465ee728b)  -> (artifact id: '95bf8021ffc8231e58755718a96136af') in 0.012580 seconds 
========================================================================
Received Import Request.
  Time since last request: 0.000013 seconds.
  path: Assets/parts/Textures/ManHoleAlbedo.tif
  artifactKey: Guid(fc9b49cf56a506744b8dc20ea99c9fef) Importer(815301076,1909f56bfc062723c751e8b465ee728b)
Start importing Assets/parts/Textures/ManHoleAlbedo.tif using Guid(fc9b49cf56a506744b8dc20ea99c9fef) Importer(815301076,1909f56bfc062723c751e8b465ee728b)  -> (artifact id: '372f9b9d0ef4ab3ee14764913c1d6bb1') in 0.014176 seconds 
========================================================================
Received Import Request.
  Time since last request: 0.000013 seconds.
  path: Assets/parts/Textures/SmokePuff.png
  artifactKey: Guid(e5e32cad9e5d2c249a4a959886b64650) Importer(815301076,1909f56bfc062723c751e8b465ee728b)
Start importing Assets/parts/Textures/SmokePuff.png using Guid(e5e32cad9e5d2c249a4a959886b64650) Importer(815301076,1909f56bfc062723c751e8b465ee728b)  -> (artifact id: 'bc841d9e9fac803f980f351ee222d345') in 0.015044 seconds 
========================================================================
Received Import Request.
  Time since last request: 0.000013 seconds.
  path: Assets/parts/Textures/BinBagsAlbedo.tif
  artifactKey: Guid(7d98d8849abd5f541a329153b6b8aac7) Importer(815301076,1909f56bfc062723c751e8b465ee728b)
Start importing Assets/parts/Textures/BinBagsAlbedo.tif using Guid(7d98d8849abd5f541a329153b6b8aac7) Importer(815301076,1909f56bfc062723c751e8b465ee728b)  -> (artifact id: '548252f1e1929ac87e4181869caa5cc3') in 0.014156 seconds 
========================================================================
Received Import Request.
  Time since last request: 0.000014 seconds.
  path: Assets/parts/Textures/MagnetSparks.png
  artifactKey: Guid(0851060e94bd44c4abf6881ea1eb7e63) Importer(815301076,1909f56bfc062723c751e8b465ee728b)
Start importing Assets/parts/Textures/MagnetSparks.png using Guid(0851060e94bd44c4abf6881ea1eb7e63) Importer(815301076,1909f56bfc062723c751e8b465ee728b)  -> (artifact id: 'fee181c3eb699471653d16a61f475766') in 0.013406 seconds 
========================================================================
Received Import Request.
  Time since last request: 0.000024 seconds.
  path: Assets/parts/Textures/Car02Albedo.tif
  artifactKey: Guid(ad9b4d3f2df395b4fb7ad98e98d4acdf) Importer(815301076,1909f56bfc062723c751e8b465ee728b)
Start importing Assets/parts/Textures/Car02Albedo.tif using Guid(ad9b4d3f2df395b4fb7ad98e98d4acdf) Importer(815301076,1909f56bfc062723c751e8b465ee728b)  -> (artifact id: '33ec1276ca59314b8c4ae55caebf9646') in 0.011161 seconds 
========================================================================
Received Import Request.
  Time since last request: 0.000014 seconds.
  path: Assets/parts/Textures/TreeBranchAlbedo.png
  artifactKey: Guid(8508a626a3eef6146867ac6890f2e865) Importer(815301076,1909f56bfc062723c751e8b465ee728b)
Start importing Assets/parts/Textures/TreeBranchAlbedo.png using Guid(8508a626a3eef6146867ac6890f2e865) Importer(815301076,1909f56bfc062723c751e8b465ee728b)  -> (artifact id: '7f0bb06ca191b5ccaa7cf61b7396d985') in 0.014291 seconds 
========================================================================
Received Import Request.
  Time since last request: 0.000014 seconds.
  path: Assets/TextMesh Pro/Resources/Fonts & Materials/LiberationSans SDF - Fallback.asset
  artifactKey: Guid(2e498d1c8094910479dc3e1b768306a4) Importer(815301076,1909f56bfc062723c751e8b465ee728b)
Start importing Assets/TextMesh Pro/Resources/Fonts & Materials/LiberationSans SDF - Fallback.asset using Guid(2e498d1c8094910479dc3e1b768306a4) Importer(815301076,1909f56bfc062723c751e8b465ee728b)  -> (artifact id: '62edbac62d102a6b60efa256f99472c8') in 0.049375 seconds 
========================================================================
Received Import Request.
  Time since last request: 0.000014 seconds.
  path: Assets/parts/Textures/Graffiti/Graffiti04.png
  artifactKey: Guid(addcf3e67d1b5a846b9eb3d056df0912) Importer(815301076,1909f56bfc062723c751e8b465ee728b)
Start importing Assets/parts/Textures/Graffiti/Graffiti04.png using Guid(addcf3e67d1b5a846b9eb3d056df0912) Importer(815301076,1909f56bfc062723c751e8b465ee728b)  -> (artifact id: 'c9ae8b524ba936f825c55940502d40c9') in 0.024415 seconds 
========================================================================
Received Import Request.
  Time since last request: 0.000015 seconds.
  path: Assets/parts/Textures/RubbishAlbedo.tif
  artifactKey: Guid(6336c4a6c52726d4b8aa9810b8b76ef7) Importer(815301076,1909f56bfc062723c751e8b465ee728b)
Start importing Assets/parts/Textures/RubbishAlbedo.tif using Guid(6336c4a6c52726d4b8aa9810b8b76ef7) Importer(815301076,1909f56bfc062723c751e8b465ee728b)  -> (artifact id: '3b05b6016a755ce71a334ed785672718') in 0.017719 seconds 
========================================================================
Received Import Request.
  Time since last request: 0.000014 seconds.
  path: Assets/MeshCombineStudio/Products/deIcon.jpg
  artifactKey: Guid(9755cebef7d345a459c183446ddb29fb) Importer(815301076,1909f56bfc062723c751e8b465ee728b)
Start importing Assets/MeshCombineStudio/Products/deIcon.jpg using Guid(9755cebef7d345a459c183446ddb29fb) Importer(815301076,1909f56bfc062723c751e8b465ee728b)  -> (artifact id: 'c1e263b96c8e42e1202793334ca8fd66') in 0.017249 seconds 
========================================================================
Received Import Request.
  Time since last request: 0.000014 seconds.
  path: Assets/parts/Textures/HeartParticle.png
  artifactKey: Guid(4bf6eca9484ab4845a4b5a0ebb121a42) Importer(815301076,1909f56bfc062723c751e8b465ee728b)
Start importing Assets/parts/Textures/HeartParticle.png using Guid(4bf6eca9484ab4845a4b5a0ebb121a42) Importer(815301076,1909f56bfc062723c751e8b465ee728b)  -> (artifact id: 'f92fcedd3124aa5f8e3e7d87fcd5141f') in 0.011893 seconds 
========================================================================
Received Import Request.
  Time since last request: 0.000022 seconds.
  path: Assets/parts/Textures/PipeAlbedo.tif
  artifactKey: Guid(bdab1ed0d99f3854c867ed4cedd1919e) Importer(815301076,1909f56bfc062723c751e8b465ee728b)
Start importing Assets/parts/Textures/PipeAlbedo.tif using Guid(bdab1ed0d99f3854c867ed4cedd1919e) Importer(815301076,1909f56bfc062723c751e8b465ee728b)  -> (artifact id: '09c983af83f130cc436d9a6ed068c0ef') in 0.015951 seconds 
========================================================================
Received Import Request.
  Time since last request: 0.000015 seconds.
  path: Assets/MeshCombineStudio/Products/mcsCavesIcon.jpg
  artifactKey: Guid(038807fda29ba2943901f45f7bfd93ec) Importer(815301076,1909f56bfc062723c751e8b465ee728b)
Start importing Assets/MeshCombineStudio/Products/mcsCavesIcon.jpg using Guid(038807fda29ba2943901f45f7bfd93ec) Importer(815301076,1909f56bfc062723c751e8b465ee728b)  -> (artifact id: '356b7e08841e5bf6d3b1e284a51bdcab') in 0.014972 seconds 
========================================================================
Received Import Request.
  Time since last request: 0.000014 seconds.
  path: Assets/MeshCombineStudio/TestScenes/Mixed Example/ReflectionProbe-0.exr
  artifactKey: Guid(6f71d145124f5844882d0ea37dbe0c7b) Importer(815301076,1909f56bfc062723c751e8b465ee728b)
Start importing Assets/MeshCombineStudio/TestScenes/Mixed Example/ReflectionProbe-0.exr using Guid(6f71d145124f5844882d0ea37dbe0c7b) Importer(815301076,1909f56bfc062723c751e8b465ee728b)  -> (artifact id: '9748d28dcbf2a5dc84369ee7a0f688af') in 0.027087 seconds 
========================================================================
Received Import Request.
  Time since last request: 0.000019 seconds.
  path: Assets/parts/Textures/Graffiti/Graffiti12.png
  artifactKey: Guid(d8f76b712098b754dafbe140ac26ece8) Importer(815301076,1909f56bfc062723c751e8b465ee728b)
Start importing Assets/parts/Textures/Graffiti/Graffiti12.png using Guid(d8f76b712098b754dafbe140ac26ece8) Importer(815301076,1909f56bfc062723c751e8b465ee728b)  -> (artifact id: '4c26514f59cda6869a0fb40441e36d7a') in 0.021625 seconds 
========================================================================
Received Import Request.
  Time since last request: 0.000015 seconds.
  path: Assets/parts/Textures/WarningLightAlbedo.tif
  artifactKey: Guid(5e869e49c48392941a86999cef370ecf) Importer(815301076,1909f56bfc062723c751e8b465ee728b)
Start importing Assets/parts/Textures/WarningLightAlbedo.tif using Guid(5e869e49c48392941a86999cef370ecf) Importer(815301076,1909f56bfc062723c751e8b465ee728b)  -> (artifact id: 'a1183ce80f4310df98dd6a24c61951c6') in 0.014223 seconds 
========================================================================
Received Import Request.
  Time since last request: 0.000019 seconds.
  path: Assets/MeshCombineStudio/TestScenes/Static LODGroup Example/ReflectionProbe-0.exr
  artifactKey: Guid(06656ff2e96618f43a6b635e4ca54ad3) Importer(815301076,1909f56bfc062723c751e8b465ee728b)
Start importing Assets/MeshCombineStudio/TestScenes/Static LODGroup Example/ReflectionProbe-0.exr using Guid(06656ff2e96618f43a6b635e4ca54ad3) Importer(815301076,1909f56bfc062723c751e8b465ee728b)  -> (artifact id: '93f42a2f6522ecba0fa28dc3717ea65a') in 0.015021 seconds 
========================================================================
Received Import Request.
  Time since last request: 0.000015 seconds.
  path: Assets/TextMesh Pro/Resources/Fonts & Materials/LiberationSans SDF.asset
  artifactKey: Guid(8f586378b4e144a9851e7b34d9b748ee) Importer(815301076,1909f56bfc062723c751e8b465ee728b)
Start importing Assets/TextMesh Pro/Resources/Fonts & Materials/LiberationSans SDF.asset using Guid(8f586378b4e144a9851e7b34d9b748ee) Importer(815301076,1909f56bfc062723c751e8b465ee728b)  -> (artifact id: '333559427ba54f4f6166ec49409de0d7') in 0.047995 seconds 
========================================================================
Received Import Request.
  Time since last request: 0.000015 seconds.
  path: Assets/parts/Textures/PartyHatBowtieAlbedo.tif
  artifactKey: Guid(cc2583299b79c944aace43dddff619e4) Importer(815301076,1909f56bfc062723c751e8b465ee728b)
Start importing Assets/parts/Textures/PartyHatBowtieAlbedo.tif using Guid(cc2583299b79c944aace43dddff619e4) Importer(815301076,1909f56bfc062723c751e8b465ee728b)  -> (artifact id: '64f174194e0462e104602a66137f4853') in 0.015687 seconds 
========================================================================
Received Import Request.
  Time since last request: 0.000015 seconds.
  path: Assets/parts/Textures/SkipAlbedo.tif
  artifactKey: Guid(63d49630fac087f45a20451e73dc7aad) Importer(815301076,1909f56bfc062723c751e8b465ee728b)
Start importing Assets/parts/Textures/SkipAlbedo.tif using Guid(63d49630fac087f45a20451e73dc7aad) Importer(815301076,1909f56bfc062723c751e8b465ee728b)  -> (artifact id: '478ef61c35565b0731bf408758c5649d') in 0.016297 seconds 
========================================================================
Received Import Request.
  Time since last request: 0.000018 seconds.
  path: Assets/parts/Textures/Puff.png
  artifactKey: Guid(ca41f2755ffcd5d4d830c7148395d7e2) Importer(815301076,1909f56bfc062723c751e8b465ee728b)
Start importing Assets/parts/Textures/Puff.png using Guid(ca41f2755ffcd5d4d830c7148395d7e2) Importer(815301076,1909f56bfc062723c751e8b465ee728b)  -> (artifact id: 'b5ab16dc8f551de59969c525126a8168') in 0.015109 seconds 
========================================================================
Received Import Request.
  Time since last request: 0.000019 seconds.
  path: Assets/parts/Textures/BlobShadow.png
  artifactKey: Guid(d7581ae65f6321447a66ee3ae24fe8a1) Importer(815301076,1909f56bfc062723c751e8b465ee728b)
Start importing Assets/parts/Textures/BlobShadow.png using Guid(d7581ae65f6321447a66ee3ae24fe8a1) Importer(815301076,1909f56bfc062723c751e8b465ee728b)  -> (artifact id: '206a3b96eec787994225e39b4c9ff0d7') in 0.012114 seconds 
========================================================================
Received Import Request.
  Time since last request: 0.000015 seconds.
  path: Assets/parts/Textures/LightPoolAlbedo.tif
  artifactKey: Guid(7188446976148db4881a1b85e0b24069) Importer(815301076,1909f56bfc062723c751e8b465ee728b)
Start importing Assets/parts/Textures/LightPoolAlbedo.tif using Guid(7188446976148db4881a1b85e0b24069) Importer(815301076,1909f56bfc062723c751e8b465ee728b)  -> (artifact id: '60322d6be6feea4c29e3d9e75a562391') in 0.017631 seconds 
========================================================================
Received Import Request.
  Time since last request: 0.000017 seconds.
  path: Assets/parts/Textures/Graffiti/Graffiti08.png
  artifactKey: Guid(d201f5c27c403d54abc81e9e70fbab99) Importer(815301076,1909f56bfc062723c751e8b465ee728b)
Start importing Assets/parts/Textures/Graffiti/Graffiti08.png using Guid(d201f5c27c403d54abc81e9e70fbab99) Importer(815301076,1909f56bfc062723c751e8b465ee728b)  -> (artifact id: '8a3067e3e9d42922b57a0146e62071b4') in 0.024299 seconds 
========================================================================
Received Import Request.
  Time since last request: 0.000018 seconds.
  path: Assets/parts/Textures/Graffiti/Graffiti10.png
  artifactKey: Guid(de2c87941c8f76b478910c3c7d526909) Importer(815301076,1909f56bfc062723c751e8b465ee728b)
Start importing Assets/parts/Textures/Graffiti/Graffiti10.png using Guid(de2c87941c8f76b478910c3c7d526909) Importer(815301076,1909f56bfc062723c751e8b465ee728b)  -> (artifact id: '26df99bc7f07c4d7b8da788157dab0fd') in 0.025321 seconds 
========================================================================
Received Import Request.
  Time since last request: 0.000017 seconds.
  path: Assets/parts/Textures/RacoonAlbedo.tif
  artifactKey: Guid(2b9bb72d71c46cc42b3e8acb15fe2517) Importer(815301076,1909f56bfc062723c751e8b465ee728b)
Start importing Assets/parts/Textures/RacoonAlbedo.tif using Guid(2b9bb72d71c46cc42b3e8acb15fe2517) Importer(815301076,1909f56bfc062723c751e8b465ee728b)  -> (artifact id: '2928f011eee5ba16ef4d1ec37301c984') in 0.013817 seconds 
========================================================================
Received Import Request.
  Time since last request: 0.000015 seconds.
  path: Assets/parts/Textures/Graffiti/Graffiti06.png
  artifactKey: Guid(4ef825b7e75d84e499fbfcad0eaaecb2) Importer(815301076,1909f56bfc062723c751e8b465ee728b)
Start importing Assets/parts/Textures/Graffiti/Graffiti06.png using Guid(4ef825b7e75d84e499fbfcad0eaaecb2) Importer(815301076,1909f56bfc062723c751e8b465ee728b)  -> (artifact id: 'd39f42f3287ddf1c965a84c19f46e6d0') in 0.027568 seconds 
========================================================================
Received Import Request.
  Time since last request: 0.000017 seconds.
  path: Assets/MeshCombineStudio/TestScenes/Dynamic Object Example/ReflectionProbe-0.exr
  artifactKey: Guid(9fbcb8476e8613440a51e6e05c606805) Importer(815301076,1909f56bfc062723c751e8b465ee728b)
Start importing Assets/MeshCombineStudio/TestScenes/Dynamic Object Example/ReflectionProbe-0.exr using Guid(9fbcb8476e8613440a51e6e05c606805) Importer(815301076,1909f56bfc062723c751e8b465ee728b)  -> (artifact id: '2e597f7cfb12cdd73f77fc15d5ca0263') in 0.012053 seconds 
========================================================================
Received Import Request.
  Time since last request: 0.000013 seconds.
  path: Assets/parts/Textures/BinNightAlbedo.tif
  artifactKey: Guid(cd5856d490ea72f4f96160adef8dd930) Importer(815301076,1909f56bfc062723c751e8b465ee728b)
Start importing Assets/parts/Textures/BinNightAlbedo.tif using Guid(cd5856d490ea72f4f96160adef8dd930) Importer(815301076,1909f56bfc062723c751e8b465ee728b)  -> (artifact id: '64738808a9ac3d49baf4961ff0f10ca4') in 0.016240 seconds 
========================================================================
Received Import Request.
  Time since last request: 0.000024 seconds.
  path: Assets/parts/Textures/MagnetAlbedo.tif
  artifactKey: Guid(903864306f822dc41a985983a1a6c935) Importer(815301076,1909f56bfc062723c751e8b465ee728b)
Start importing Assets/parts/Textures/MagnetAlbedo.tif using Guid(903864306f822dc41a985983a1a6c935) Importer(815301076,1909f56bfc062723c751e8b465ee728b)  -> (artifact id: '635d2b877b92006c6b4f57e3103484f9') in 0.016188 seconds 
========================================================================
Received Import Request.
  Time since last request: 0.000015 seconds.
  path: Assets/parts/Textures/StarAlbedo.png
  artifactKey: Guid(c4e51a680b56fef479802abff3327a9f) Importer(815301076,1909f56bfc062723c751e8b465ee728b)
Start importing Assets/parts/Textures/StarAlbedo.png using Guid(c4e51a680b56fef479802abff3327a9f) Importer(815301076,1909f56bfc062723c751e8b465ee728b)  -> (artifact id: '808aa34d9702696648b6651d86149128') in 0.017198 seconds 
========================================================================
Received Import Request.
  Time since last request: 0.000017 seconds.
  path: Assets/MeshCombineStudio/Products/asIcon.png
  artifactKey: Guid(6b43baab00715e345aaa515a7caf4e19) Importer(815301076,1909f56bfc062723c751e8b465ee728b)
Start importing Assets/MeshCombineStudio/Products/asIcon.png using Guid(6b43baab00715e345aaa515a7caf4e19) Importer(815301076,1909f56bfc062723c751e8b465ee728b)  -> (artifact id: '37133f381c78e0babd4d53799de50c97') in 0.016825 seconds 
========================================================================
Received Import Request.
  Time since last request: 0.000014 seconds.
  path: Assets/parts/Textures/Grad.tif
  artifactKey: Guid(6c875674e43d8234e92c72134a251859) Importer(815301076,1909f56bfc062723c751e8b465ee728b)
Start importing Assets/parts/Textures/Grad.tif using Guid(6c875674e43d8234e92c72134a251859) Importer(815301076,1909f56bfc062723c751e8b465ee728b)  -> (artifact id: 'e7ab736d8789a111cb4358afd93c8eaa') in 0.012508 seconds 
========================================================================
Received Import Request.
  Time since last request: 0.000013 seconds.
  path: Assets/parts/Textures/Particle01.png
  artifactKey: Guid(c9414c650f62e5e409ece9f19b6fceed) Importer(815301076,1909f56bfc062723c751e8b465ee728b)
Start importing Assets/parts/Textures/Particle01.png using Guid(c9414c650f62e5e409ece9f19b6fceed) Importer(815301076,1909f56bfc062723c751e8b465ee728b)  -> (artifact id: '6cc2025e1dd8e40811a75c11fdeea131') in 0.016214 seconds 
========================================================================
Received Import Request.
  Time since last request: 0.000034 seconds.
  path: Assets/parts/Textures/Graffiti/Graffiti13.png
  artifactKey: Guid(11fc4e2b6b0a871489e3f9166321d8d5) Importer(815301076,1909f56bfc062723c751e8b465ee728b)
Start importing Assets/parts/Textures/Graffiti/Graffiti13.png using Guid(11fc4e2b6b0a871489e3f9166321d8d5) Importer(815301076,1909f56bfc062723c751e8b465ee728b)  -> (artifact id: 'f75173c9ff79ae1daa0ad34452c2ce59') in 0.024513 seconds 
========================================================================
Received Import Request.
  Time since last request: 0.000017 seconds.
  path: Assets/MeshCombineStudio/Products/tcIcon.jpg
  artifactKey: Guid(5702242d7a98f6d45bbdd8beaab4b580) Importer(815301076,1909f56bfc062723c751e8b465ee728b)
Start importing Assets/MeshCombineStudio/Products/tcIcon.jpg using Guid(5702242d7a98f6d45bbdd8beaab4b580) Importer(815301076,1909f56bfc062723c751e8b465ee728b)  -> (artifact id: 'e247d9078fc15638740fc088b2435ff6') in 0.016507 seconds 
========================================================================
Received Import Request.
  Time since last request: 0.000027 seconds.
  path: Assets/parts/Textures/GrassGradientAlbedo.tif
  artifactKey: Guid(9b5fc9870b4d1554f88f54e74a5fbf3f) Importer(815301076,1909f56bfc062723c751e8b465ee728b)
Start importing Assets/parts/Textures/GrassGradientAlbedo.tif using Guid(9b5fc9870b4d1554f88f54e74a5fbf3f) Importer(815301076,1909f56bfc062723c751e8b465ee728b)  -> (artifact id: '7473ba6aa483ed415b1698b21875187f') in 0.011226 seconds 
========================================================================
Received Import Request.
  Time since last request: 0.000014 seconds.
  path: Assets/TextMesh Pro/Sprites/EmojiOne.png
  artifactKey: Guid(dffef66376be4fa480fb02b19edbe903) Importer(815301076,1909f56bfc062723c751e8b465ee728b)
Start importing Assets/TextMesh Pro/Sprites/EmojiOne.png using Guid(dffef66376be4fa480fb02b19edbe903) Importer(815301076,1909f56bfc062723c751e8b465ee728b)  -> (artifact id: '0979f5d95ca9a242a3d11cc9892f05d2') in 0.014975 seconds 
========================================================================
Received Import Request.
  Time since last request: 0.000015 seconds.
  path: Assets/parts/Textures/CloverAlbedo.tif
  artifactKey: Guid(c12354f1a96957347a94c432664d8032) Importer(815301076,1909f56bfc062723c751e8b465ee728b)
Start importing Assets/parts/Textures/CloverAlbedo.tif using Guid(c12354f1a96957347a94c432664d8032) Importer(815301076,1909f56bfc062723c751e8b465ee728b)  -> (artifact id: 'bb49575b061ce6eb9f75797289c2915b') in 0.020605 seconds 
========================================================================
Received Import Request.
  Time since last request: 0.000015 seconds.
  path: Assets/parts/Textures/DogAlbedo.tif
  artifactKey: Guid(6cf912fd861e20c41a5f98f4aa5edb95) Importer(815301076,1909f56bfc062723c751e8b465ee728b)
Start importing Assets/parts/Textures/DogAlbedo.tif using Guid(6cf912fd861e20c41a5f98f4aa5edb95) Importer(815301076,1909f56bfc062723c751e8b465ee728b)  -> (artifact id: '8f69b49f95274436a9b672b7f31d4df8') in 0.015628 seconds 
========================================================================
Received Import Request.
  Time since last request: 0.000021 seconds.
  path: Assets/parts/Textures/Graffiti/Graffiti07.png
  artifactKey: Guid(913d0a2c575c9bf42b172000a39bcfc0) Importer(815301076,1909f56bfc062723c751e8b465ee728b)
Start importing Assets/parts/Textures/Graffiti/Graffiti07.png using Guid(913d0a2c575c9bf42b172000a39bcfc0) Importer(815301076,1909f56bfc062723c751e8b465ee728b)  -> (artifact id: '94a1cb19bb0aa75247451797ee3d4ef9') in 0.028165 seconds 
========================================================================
Received Import Request.
  Time since last request: 0.000014 seconds.
  path: Assets/parts/Textures/MultiplierParticle.png
  artifactKey: Guid(62daab0b219b41440b5dd19d5765777d) Importer(815301076,1909f56bfc062723c751e8b465ee728b)
Start importing Assets/parts/Textures/MultiplierParticle.png using Guid(62daab0b219b41440b5dd19d5765777d) Importer(815301076,1909f56bfc062723c751e8b465ee728b)  -> (artifact id: '3530e6a91cde471c79e12c84e350c61a') in 0.012293 seconds 
========================================================================
Received Import Request.
  Time since last request: 0.000022 seconds.
  path: Assets/parts/Textures/WheelyBinAlbedo.tif
  artifactKey: Guid(fa7e3ccbd9a948748b3c7e74fc803e5b) Importer(815301076,1909f56bfc062723c751e8b465ee728b)
Start importing Assets/parts/Textures/WheelyBinAlbedo.tif using Guid(fa7e3ccbd9a948748b3c7e74fc803e5b) Importer(815301076,1909f56bfc062723c751e8b465ee728b)  -> (artifact id: 'd549413acb93ea14c5ae6b703244708d') in 0.011435 seconds 
========================================================================
Received Import Request.
  Time since last request: 0.000020 seconds.
  path: Assets/parts/Textures/CatAlbedo.tif
  artifactKey: Guid(1dde8fb2f7d6df74a84e5967afe3417a) Importer(815301076,1909f56bfc062723c751e8b465ee728b)
Start importing Assets/parts/Textures/CatAlbedo.tif using Guid(1dde8fb2f7d6df74a84e5967afe3417a) Importer(815301076,1909f56bfc062723c751e8b465ee728b)  -> (artifact id: '9c26cfc9a05f95f7bf56e3987eb23b75') in 0.012923 seconds 
========================================================================
Received Import Request.
  Time since last request: 0.000013 seconds.
  path: Assets/parts/Textures/HeartAlbedo.tif
  artifactKey: Guid(3b2844672526cf44b94488bc362ee515) Importer(815301076,1909f56bfc062723c751e8b465ee728b)
Start importing Assets/parts/Textures/HeartAlbedo.tif using Guid(3b2844672526cf44b94488bc362ee515) Importer(815301076,1909f56bfc062723c751e8b465ee728b)  -> (artifact id: '2ff5d7926624887075f0f1fc2e883d56') in 0.013908 seconds 
========================================================================
Received Import Request.
  Time since last request: 0.000017 seconds.
  path: Assets/MeshCombineStudio/TestScenes/Static Example/ReflectionProbe-0.exr
  artifactKey: Guid(f4730c05f1d01ac4bbb023c8b62739d7) Importer(815301076,1909f56bfc062723c751e8b465ee728b)
Start importing Assets/MeshCombineStudio/TestScenes/Static Example/ReflectionProbe-0.exr using Guid(f4730c05f1d01ac4bbb023c8b62739d7) Importer(815301076,1909f56bfc062723c751e8b465ee728b)  -> (artifact id: '84dbcbdb551e3006fdae132725520a72') in 0.021966 seconds 
========================================================================
Received Import Request.
  Time since last request: 0.000021 seconds.
  path: Assets/parts/Textures/SardinesGoldAlbedo.tif
  artifactKey: Guid(9b247b10b9eefbf4fa756d7b29511bce) Importer(815301076,1909f56bfc062723c751e8b465ee728b)
Start importing Assets/parts/Textures/SardinesGoldAlbedo.tif using Guid(9b247b10b9eefbf4fa756d7b29511bce) Importer(815301076,1909f56bfc062723c751e8b465ee728b)  -> (artifact id: '7c90420a025f4c3a254a0a9a3c8313ed') in 0.013901 seconds 
========================================================================
Received Import Request.
  Time since last request: 0.000015 seconds.
  path: Assets/parts/Textures/DumpsterAlbedo.tif
  artifactKey: Guid(a4d34a3bbaf4fee48a79af8df924ce78) Importer(815301076,1909f56bfc062723c751e8b465ee728b)
Start importing Assets/parts/Textures/DumpsterAlbedo.tif using Guid(a4d34a3bbaf4fee48a79af8df924ce78) Importer(815301076,1909f56bfc062723c751e8b465ee728b)  -> (artifact id: 'b322e77f2f0780fcbb720bde581224fd') in 0.014667 seconds 
========================================================================
Received Import Request.
  Time since last request: 0.000020 seconds.
  path: Assets/parts/Textures/WashingLineClothesAlbedo.png
  artifactKey: Guid(9baf6e72cc9bd7b4293830149cc335fe) Importer(815301076,1909f56bfc062723c751e8b465ee728b)
Start importing Assets/parts/Textures/WashingLineClothesAlbedo.png using Guid(9baf6e72cc9bd7b4293830149cc335fe) Importer(815301076,1909f56bfc062723c751e8b465ee728b)  -> (artifact id: '8eaf46a4062259eb16ca9a22afbc9d11') in 0.016769 seconds 
========================================================================
Received Import Request.
  Time since last request: 0.000013 seconds.
  path: Assets/parts/Textures/ConstructionWorkerAlbedo.tif
  artifactKey: Guid(601e436493183e74b96c11ccc0775fe0) Importer(815301076,1909f56bfc062723c751e8b465ee728b)
Start importing Assets/parts/Textures/ConstructionWorkerAlbedo.tif using Guid(601e436493183e74b96c11ccc0775fe0) Importer(815301076,1909f56bfc062723c751e8b465ee728b)  -> (artifact id: 'ffc43070041e4065f78de6a6951dfc42') in 0.011273 seconds 
========================================================================
Received Import Request.
  Time since last request: 0.000019 seconds.
  path: Assets/parts/Textures/Graffiti/Graffiti02.png
  artifactKey: Guid(cb4eb13401bc2e14b958f7874244c899) Importer(815301076,1909f56bfc062723c751e8b465ee728b)
Start importing Assets/parts/Textures/Graffiti/Graffiti02.png using Guid(cb4eb13401bc2e14b958f7874244c899) Importer(815301076,1909f56bfc062723c751e8b465ee728b)  -> (artifact id: '4b5f37ccec27e2ba5cb7d577211e0029') in 0.027999 seconds 
========================================================================
Received Import Request.
  Time since last request: 0.000013 seconds.
  path: Assets/parts/Textures/Graffiti/Graffiti01.png
  artifactKey: Guid(d2c086d8d57305b46badb6b502a5a968) Importer(815301076,1909f56bfc062723c751e8b465ee728b)
Start importing Assets/parts/Textures/Graffiti/Graffiti01.png using Guid(d2c086d8d57305b46badb6b502a5a968) Importer(815301076,1909f56bfc062723c751e8b465ee728b)  -> (artifact id: '0664257dc3211932ae8b1fa9b77286d7') in 0.025572 seconds 
========================================================================
Received Import Request.
  Time since last request: 0.000023 seconds.
  path: Assets/parts/Textures/RatNightAlbedo.tif
  artifactKey: Guid(0e5001bc94455964a9abc613d3e1604b) Importer(815301076,1909f56bfc062723c751e8b465ee728b)
Start importing Assets/parts/Textures/RatNightAlbedo.tif using Guid(0e5001bc94455964a9abc613d3e1604b) Importer(815301076,1909f56bfc062723c751e8b465ee728b)  -> (artifact id: '6622340b18163b5a6edcad02cd192bcb') in 0.017291 seconds 
========================================================================
Received Import Request.
  Time since last request: 0.000016 seconds.
  path: Assets/parts/Textures/Graffiti/Graffiti05.png
  artifactKey: Guid(7914a9a713af18c40b1a5f1032318361) Importer(815301076,1909f56bfc062723c751e8b465ee728b)
Start importing Assets/parts/Textures/Graffiti/Graffiti05.png using Guid(7914a9a713af18c40b1a5f1032318361) Importer(815301076,1909f56bfc062723c751e8b465ee728b)  -> (artifact id: '0d81aaf32c234798db8db3a0a14ca87e') in 0.024461 seconds 
========================================================================
Received Import Request.
  Time since last request: 0.000016 seconds.
  path: Assets/parts/Textures/Graffiti/Graffiti09.png
  artifactKey: Guid(bb67dd508c3b85b46a088b3894514f6e) Importer(815301076,1909f56bfc062723c751e8b465ee728b)
Start importing Assets/parts/Textures/Graffiti/Graffiti09.png using Guid(bb67dd508c3b85b46a088b3894514f6e) Importer(815301076,1909f56bfc062723c751e8b465ee728b)  -> (artifact id: '57e37bf498daf6ce4f8c5d16c88da362') in 0.021199 seconds 
========================================================================
Received Import Request.
  Time since last request: 0.000015 seconds.
  path: Assets/parts/Textures/BinAlbedo.tif
  artifactKey: Guid(fe0496be663f7e149ab9389723ce1141) Importer(815301076,1909f56bfc062723c751e8b465ee728b)
Start importing Assets/parts/Textures/BinAlbedo.tif using Guid(fe0496be663f7e149ab9389723ce1141) Importer(815301076,1909f56bfc062723c751e8b465ee728b)  -> (artifact id: '8d95175957dbe68078951edefeafffdd') in 0.014619 seconds 
========================================================================
Received Import Request.
  Time since last request: 0.000033 seconds.
  path: Assets/MeshCombineStudio/Products/wcIcon.jpg
  artifactKey: Guid(980a9cb8c23852b4080af6597c800faa) Importer(815301076,1909f56bfc062723c751e8b465ee728b)
Start importing Assets/MeshCombineStudio/Products/wcIcon.jpg using Guid(980a9cb8c23852b4080af6597c800faa) Importer(815301076,1909f56bfc062723c751e8b465ee728b)  -> (artifact id: '1a4c3e8d0cdc7f231d19cec74e78264a') in 0.016650 seconds 
========================================================================
Received Import Request.
  Time since last request: 0.000016 seconds.
  path: Assets/parts/Textures/DogNightAlbedo.tif
  artifactKey: Guid(e78adddc40757eb45b2d587e24e027bc) Importer(815301076,1909f56bfc062723c751e8b465ee728b)
Start importing Assets/parts/Textures/DogNightAlbedo.tif using Guid(e78adddc40757eb45b2d587e24e027bc) Importer(815301076,1909f56bfc062723c751e8b465ee728b)  -> (artifact id: 'df5c57e2cb5df2a834711e14ea8d565c') in 0.015012 seconds 
========================================================================
Received Prepare
Refreshing native plugins compatible for Editor in 3.23 ms, found 3 plugins.
Preloading 0 native plugins for Editor in 0.00 ms.
Unloading 15 Unused Serialized files (Serialized files now loaded: 0)
Unloading 15 unused Assets / (58.3 KB). Loaded Objects now: 3708.
Memory consumption went from 52.9 MB to 52.8 MB.
Total: 3.578400 ms (FindLiveObjects: 0.265900 ms CreateObjectMapping: 0.223100 ms MarkObjects: 3.060500 ms  DeleteObjects: 0.028100 ms)

AssetImportParameters requested are different than current active one (requested -> active):
  custom:video-decoder-ogg-theora: a1e56fd34408186e4bbccfd4996cb3dc -> 
  custom:container-muxer-webm: aa71ff27fc2769a1b78a27578f13a17b -> 
  custom:container-demuxer-webm: 4f35f7cbe854078d1ac9338744f61a02 -> 
  custom:video-encoder-webm-vp8: eb34c28f22e8b96e1ab97ce403110664 -> 
  custom:audio-encoder-webm-vorbis: bf7c407c2cedff20999df2af8eb42d56 -> 
  custom:framework-win-MediaFoundation: 216162199b28c13a410421893ffa2e32 -> 
  custom:container-demuxer-ogg: 62fdf1f143b41e24485cea50d1cbac27 -> 
  custom:video-decoder-webm-vp8: 9c59270c3fd7afecdb556c50c9e8de78 -> 
  custom:audio-decoder-ogg-vorbis: bf7c407c2cedff20999df2af8eb42d56 -> 
